<?xml version="1.0" encoding="UTF-8"?>
<testsuite xmlns:xsi="http://www.w3.org/2001/XMLSchema-instance" xsi:noNamespaceSchemaLocation="https://maven.apache.org/surefire/maven-surefire-plugin/xsd/surefire-test-report.xsd" name="WebSelenium.TaskSQT.AppTest" time="12.909" tests="1" errors="0" skipped="0" failures="1">
  <properties>
[...]
</properties>
  <testcase name="AddPatient on AddPatient(WebSelenium.TaskSQT.AppTest)" classname="WebSelenium.TaskSQT.AppTest" time="12.124">
    <failure message="element click intercepted: Element &lt;div class=&quot;MuiSelect-root MuiSelect-select MuiSelect-selectMenu MuiSelect-outlined MuiInputBase-input MuiOutlinedInput-input&quot; tabindex=&quot;0&quot; role=&quot;button&quot; aria-haspopup=&quot;listbox&quot; aria-labelledby=&quot;mui-component-select-gender&quot; id=&quot;mui-component-select-gender&quot; aria-expanded=&quot;true&quot;&gt;...&lt;/div&gt; is not clickable at point (560, 392). Other element would receive the click: &lt;li class=&quot;MuiButtonBase-root MuiListItem-root MuiMenuItem-root Mui-selected MuiMenuItem-gutters MuiListItem-gutters MuiListItem-button Mui-selected Mui-focusVisible Mui-focusVisible&quot; tabindex=&quot;0&quot; role=&quot;option&quot; aria-disabled=&quot;false&quot; data-value=&quot;female&quot; aria-selected=&quot;true&quot;&gt;...&lt;/li&gt;&#10;  (Session info: chrome=118.0.5993.89)&#10;  (Driver info: chromedriver=118.0.5993.70 (e52f33f30b91b4ddfad649acddc39ab570473b86-refs/branch-heads/5993@{#1216}),platform=Windows NT 10.0.19045 x86_64) (WARNING: The server did not provide any stacktrace information)&#10;Command duration or timeout: 1.10 seconds&#10;Build info: version: &apos;2.47.1&apos;, revision: &apos;unknown&apos;, time: &apos;2015-07-30 11:02:44&apos;&#10;System info: host: &apos;QKNBK2097&apos;, ip: &apos;192.168.0.107&apos;, os.name: &apos;Windows 10&apos;, os.arch: &apos;amd64&apos;, os.version: &apos;10.0&apos;, java.version: &apos;20.0.1&apos;&#10;Driver info: org.openqa.selenium.chrome.ChromeDriver&#10;Capabilities [{mobileEmulationEnabled=false, timeouts={implicit=0, pageLoad=300000, script=30000}, hasTouchScreen=false, platform=XP, acceptSslCerts=false, goog:chromeOptions={debuggerAddress=localhost:58897}, webauthn:extension:credBlob=true, acceptInsecureCerts=false, fedcm:accounts=true, webStorageEnabled=true, browserName=chrome, takesScreenshot=true, javascriptEnabled=true, setWindowRect=true, webauthn:extension:largeBlob=true, unexpectedAlertBehaviour=ignore, rotatable=false, networkConnectionEnabled=false, chrome={chromedriverVersion=118.0.5993.70 (e52f33f30b91b4ddfad649acddc39ab570473b86-refs/branch-heads/5993@{#1216}), userDataDir=C:\Users\SABAH~2.ANS\AppData\Local\Temp\scoped_dir6056_15133880}, takesHeapSnapshot=true, pageLoadStrategy=normal, strictFileInteractability=false, databaseEnabled=false, handlesAlerts=true, version=118.0.5993.89, browserConnectionEnabled=false, proxy={}, nativeEvents=true, webauthn:extension:minPinLength=true, webauthn:extension:prf=true, locationContextEnabled=true, cssSelectorsEnabled=true, webauthn:virtualAuthenticators=true}]&#10;Session ID: 03426bec61a4bbb536c29ac83be9ede1" type="org.openqa.selenium.WebDriverException"><![CDATA[org.openqa.selenium.WebDriverException: 
element click intercepted: Element <div class="MuiSelect-root MuiSelect-select MuiSelect-selectMenu MuiSelect-outlined MuiInputBase-input MuiOutlinedInput-input" tabindex="0" role="button" aria-haspopup="listbox" aria-labelledby="mui-component-select-gender" id="mui-component-select-gender" aria-expanded="true">...</div> is not clickable at point (560, 392). Other element would receive the click: <li class="MuiButtonBase-root MuiListItem-root MuiMenuItem-root Mui-selected MuiMenuItem-gutters MuiListItem-gutters MuiListItem-button Mui-selected Mui-focusVisible Mui-focusVisible" tabindex="0" role="option" aria-disabled="false" data-value="female" aria-selected="true">...</li>
  (Session info: chrome=118.0.5993.89)
  (Driver info: chromedriver=118.0.5993.70 (e52f33f30b91b4ddfad649acddc39ab570473b86-refs/branch-heads/5993@{#1216}),platform=Windows NT 10.0.19045 x86_64) (WARNING: The server did not provide any stacktrace information)
Command duration or timeout: 1.10 seconds
Build info: version: '2.47.1', revision: 'unknown', time: '2015-07-30 11:02:44'
System info: host: 'QKNBK2097', ip: '192.168.0.107', os.name: 'Windows 10', os.arch: 'amd64', os.version: '10.0', java.version: '20.0.1'
Driver info: org.openqa.selenium.chrome.ChromeDriver
Capabilities [{mobileEmulationEnabled=false, timeouts={implicit=0, pageLoad=300000, script=30000}, hasTouchScreen=false, platform=XP, acceptSslCerts=false, goog:chromeOptions={debuggerAddress=localhost:58897}, webauthn:extension:credBlob=true, acceptInsecureCerts=false, fedcm:accounts=true, webStorageEnabled=true, browserName=chrome, takesScreenshot=true, javascriptEnabled=true, setWindowRect=true, webauthn:extension:largeBlob=true, unexpectedAlertBehaviour=ignore, rotatable=false, networkConnectionEnabled=false, chrome={chromedriverVersion=118.0.5993.70 (e52f33f30b91b4ddfad649acddc39ab570473b86-refs/branch-heads/5993@{#1216}), userDataDir=C:\Users\SABAH~2.ANS\AppData\Local\Temp\scoped_dir6056_15133880}, takesHeapSnapshot=true, pageLoadStrategy=normal, strictFileInteractability=false, databaseEnabled=false, handlesAlerts=true, version=118.0.5993.89, browserConnectionEnabled=false, proxy={}, nativeEvents=true, webauthn:extension:minPinLength=true, webauthn:extension:prf=true, locationContextEnabled=true, cssSelectorsEnabled=true, webauthn:virtualAuthenticators=true}]
Session ID: 03426bec61a4bbb536c29ac83be9ede1
	at WebSelenium.TaskSQT.AppTest.PatientDetails(AppTest.java:49)
	at WebSelenium.TaskSQT.AppTest.AddPatient(AppTest.java:33)
]]></failure>
    <system-out><![CDATA[After Sleep
]]></system-out>
    <system-err><![CDATA[SLF4J: Failed to load class "org.slf4j.impl.StaticLoggerBinder".
SLF4J: Defaulting to no-operation (NOP) logger implementation
SLF4J: See http://www.slf4j.org/codes.html#StaticLoggerBinder for further details.
Starting ChromeDriver 118.0.5993.70 (e52f33f30b91b4ddfad649acddc39ab570473b86-refs/branch-heads/5993@{#1216}) on port 60664
Only local connections are allowed.
Please see https://chromedriver.chromium.org/security-considerations for suggestions on keeping ChromeDriver safe.
ChromeDriver was started successfully.
]]></system-err>
  </testcase>
</testsuite>